<?xml version="1.0" encoding="UTF-8"?>
<!-- Generated by org.testng.reporters.JUnitXMLReporter -->
<testsuite hostname="DESKTOP-01THEB1" ignored="0" name="Regression" tests="1" failures="1" timestamp="13 Nov 2018 02:52:27 GMT" time="44.404" errors="0">
  <testcase name="TC_01_BuyProduct" time="29.579" classname="com.craftsvilla.testscripts.EmbroidedSareesScripts">
    <failure type="java.lang.AssertionError" message="null">
      <![CDATA[java.lang.AssertionError: null
at com.craftsvilla.testscripts.EmbroidedSareesScripts.TC_01_BuyProduct(EmbroidedSareesScripts.java:40)
... Removed 27 stack frames]]>
    </failure>
  </testcase> <!-- TC_01_BuyProduct -->
</testsuite> <!-- Regression -->
